;  LST file generated by mikroListExporter - v.2.0 
; Date/Time: 08-Aug-24 01:49:45 PM
;----------------------------------------------

;Address Opcode 	ASM
0x0000	0x2988      	GOTO       392
_interrupt:
0x0004	0x00FF      	MOVWF      R15
0x0005	0x0E03      	SWAPF      STATUS, 0
0x0006	0x0183      	CLRF       STATUS
0x0007	0x00AC      	MOVWF      ___saveSTATUS
0x0008	0x080A      	MOVF       PCLATH, 0
0x0009	0x00AD      	MOVWF      ___savePCLATH
0x000A	0x018A      	CLRF       PCLATH
0x000B	0x0870      	MOVF       R0, 0
0x000C	0x00A7      	MOVWF      39
0x000D	0x0871      	MOVF       R1, 0
0x000E	0x00A6      	MOVWF      38
0x000F	0x0872      	MOVF       R2, 0
0x0010	0x00A5      	MOVWF      37
0x0011	0x0874      	MOVF       R4, 0
0x0012	0x00A4      	MOVWF      36
0x0013	0x0878      	MOVF       R8, 0
0x0014	0x00A3      	MOVWF      35
0x0015	0x087B      	MOVF       R11, 0
0x0016	0x00A2      	MOVWF      34
0x0017	0x087C      	MOVF       R12, 0
0x0018	0x00A1      	MOVWF      33
0x0019	0x087D      	MOVF       R13, 0
0x001A	0x00A0      	MOVWF      32
;Traffic_Light_Controller.c,32 :: 		void interrupt(){
;Traffic_Light_Controller.c,33 :: 		if(INTF_bit){
0x001B	0x1C8B      	BTFSS      INTF_bit, BitPos(INTF_bit+0)
0x001C	0x28B6      	GOTO       L_interrupt10
;Traffic_Light_Controller.c,34 :: 		Display = 0X00;
0x001D	0x0187      	CLRF       PORTC
;Traffic_Light_Controller.c,35 :: 		Delay_ms(100);
0x001E	0x3002      	MOVLW      2
0x001F	0x00FB      	MOVWF      R11
0x0020	0x3004      	MOVLW      4
0x0021	0x00FC      	MOVWF      R12
0x0022	0x30BA      	MOVLW      186
0x0023	0x00FD      	MOVWF      R13
L_interrupt11:
0x0024	0x0BFD      	DECFSZ     R13, 1
0x0025	0x2824      	GOTO       L_interrupt11
0x0026	0x0BFC      	DECFSZ     R12, 1
0x0027	0x2824      	GOTO       L_interrupt11
0x0028	0x0BFB      	DECFSZ     R11, 1
0x0029	0x2824      	GOTO       L_interrupt11
0x002A	0x0000      	NOP
;Traffic_Light_Controller.c,36 :: 		if (switching_button){
0x002B	0x1886      	BTFSC      PORTB, 1
0x002C	0x282F      	GOTO       L__interrupt35
0x002D	0x1403      	BSF        STATUS, 0
0x002E	0x2830      	GOTO       L__interrupt36
L__interrupt35:
0x002F	0x1003      	BCF        STATUS, 0
L__interrupt36:
0x0030	0x1C03      	BTFSS      STATUS, 0
0x0031	0x28B3      	GOTO       L_interrupt12
;Traffic_Light_Controller.c,38 :: 		if(RED_W) {
0x0032	0x1C08      	BTFSS      PORTD, 0
0x0033	0x2866      	GOTO       L_interrupt13
;Traffic_Light_Controller.c,39 :: 		GREEN_W=1; YELLOW_S=1 ; RED_S=0;
0x0034	0x1508      	BSF        PORTD, 2
0x0035	0x1608      	BSF        PORTD, 4
0x0036	0x1188      	BCF        PORTD, 3
;Traffic_Light_Controller.c,40 :: 		GREEN_S=0; RED_W=0; YELLOW_W=0;
0x0037	0x1288      	BCF        PORTD, 5
0x0038	0x1008      	BCF        PORTD, 0
0x0039	0x1088      	BCF        PORTD, 1
;Traffic_Light_Controller.c,41 :: 		for (count = 3; count > 0 ; count--){
0x003A	0x3003      	MOVLW      3
0x003B	0x00A8      	MOVWF      _count
L_interrupt14:
0x003C	0x0828      	MOVF       _count, 0
0x003D	0x3C00      	SUBLW      0
0x003E	0x1803      	BTFSC      STATUS, 0
0x003F	0x2863      	GOTO       L_interrupt15
;Traffic_Light_Controller.c,42 :: 		Display = 0 | ((count % 10)<<4) ;
0x0040	0x300A      	MOVLW      10
0x0041	0x00F4      	MOVWF      R4
0x0042	0x0828      	MOVF       _count, 0
0x0043	0x00F0      	MOVWF      R0
0x0044	0x20CD      	CALL       _Div_8X8_U
0x0045	0x0878      	MOVF       R8, 0
0x0046	0x00F0      	MOVWF      R0
0x0047	0x0870      	MOVF       R0, 0
0x0048	0x00F1      	MOVWF      R1
0x0049	0x0DF1      	RLF        R1, 1
0x004A	0x1071      	BCF        R1, 0
0x004B	0x0DF1      	RLF        R1, 1
0x004C	0x1071      	BCF        R1, 0
0x004D	0x0DF1      	RLF        R1, 1
0x004E	0x1071      	BCF        R1, 0
0x004F	0x0DF1      	RLF        R1, 1
0x0050	0x1071      	BCF        R1, 0
0x0051	0x0871      	MOVF       R1, 0
0x0052	0x0087      	MOVWF      PORTC
;Traffic_Light_Controller.c,43 :: 		Delay_ms(1000);
0x0053	0x300B      	MOVLW      11
0x0054	0x00FB      	MOVWF      R11
0x0055	0x3026      	MOVLW      38
0x0056	0x00FC      	MOVWF      R12
0x0057	0x305D      	MOVLW      93
0x0058	0x00FD      	MOVWF      R13
L_interrupt17:
0x0059	0x0BFD      	DECFSZ     R13, 1
0x005A	0x2859      	GOTO       L_interrupt17
0x005B	0x0BFC      	DECFSZ     R12, 1
0x005C	0x2859      	GOTO       L_interrupt17
0x005D	0x0BFB      	DECFSZ     R11, 1
0x005E	0x2859      	GOTO       L_interrupt17
0x005F	0x0000      	NOP
0x0060	0x0000      	NOP
;Traffic_Light_Controller.c,41 :: 		for (count = 3; count > 0 ; count--){
0x0061	0x03A8      	DECF       _count, 1
;Traffic_Light_Controller.c,44 :: 		}
0x0062	0x283C      	GOTO       L_interrupt14
L_interrupt15:
;Traffic_Light_Controller.c,45 :: 		RED_S=1;
0x0063	0x1588      	BSF        PORTD, 3
;Traffic_Light_Controller.c,46 :: 		YELLOW_S=0;
0x0064	0x1208      	BCF        PORTD, 4
;Traffic_Light_Controller.c,47 :: 		}
0x0065	0x2899      	GOTO       L_interrupt18
L_interrupt13:
;Traffic_Light_Controller.c,49 :: 		else if(RED_S){
0x0066	0x1D88      	BTFSS      PORTD, 3
0x0067	0x2899      	GOTO       L_interrupt19
;Traffic_Light_Controller.c,50 :: 		GREEN_S=1; YELLOW_W=1;RED_W = 0;
0x0068	0x1688      	BSF        PORTD, 5
0x0069	0x1488      	BSF        PORTD, 1
0x006A	0x1008      	BCF        PORTD, 0
;Traffic_Light_Controller.c,51 :: 		RED_S=0; YELLOW_S=0; GREEN_W=0;
0x006B	0x1188      	BCF        PORTD, 3
0x006C	0x1208      	BCF        PORTD, 4
0x006D	0x1108      	BCF        PORTD, 2
;Traffic_Light_Controller.c,52 :: 		for (count = 3; count > 0 ; count--){
0x006E	0x3003      	MOVLW      3
0x006F	0x00A8      	MOVWF      _count
L_interrupt20:
0x0070	0x0828      	MOVF       _count, 0
0x0071	0x3C00      	SUBLW      0
0x0072	0x1803      	BTFSC      STATUS, 0
0x0073	0x2897      	GOTO       L_interrupt21
;Traffic_Light_Controller.c,53 :: 		Display = 0 | ((count % 10)<<4) ;
0x0074	0x300A      	MOVLW      10
0x0075	0x00F4      	MOVWF      R4
0x0076	0x0828      	MOVF       _count, 0
0x0077	0x00F0      	MOVWF      R0
0x0078	0x20CD      	CALL       _Div_8X8_U
0x0079	0x0878      	MOVF       R8, 0
0x007A	0x00F0      	MOVWF      R0
0x007B	0x0870      	MOVF       R0, 0
0x007C	0x00F1      	MOVWF      R1
0x007D	0x0DF1      	RLF        R1, 1
0x007E	0x1071      	BCF        R1, 0
0x007F	0x0DF1      	RLF        R1, 1
0x0080	0x1071      	BCF        R1, 0
0x0081	0x0DF1      	RLF        R1, 1
0x0082	0x1071      	BCF        R1, 0
0x0083	0x0DF1      	RLF        R1, 1
0x0084	0x1071      	BCF        R1, 0
0x0085	0x0871      	MOVF       R1, 0
0x0086	0x0087      	MOVWF      PORTC
;Traffic_Light_Controller.c,54 :: 		Delay_ms(1000);
0x0087	0x300B      	MOVLW      11
0x0088	0x00FB      	MOVWF      R11
0x0089	0x3026      	MOVLW      38
0x008A	0x00FC      	MOVWF      R12
0x008B	0x305D      	MOVLW      93
0x008C	0x00FD      	MOVWF      R13
L_interrupt23:
0x008D	0x0BFD      	DECFSZ     R13, 1
0x008E	0x288D      	GOTO       L_interrupt23
0x008F	0x0BFC      	DECFSZ     R12, 1
0x0090	0x288D      	GOTO       L_interrupt23
0x0091	0x0BFB      	DECFSZ     R11, 1
0x0092	0x288D      	GOTO       L_interrupt23
0x0093	0x0000      	NOP
0x0094	0x0000      	NOP
;Traffic_Light_Controller.c,52 :: 		for (count = 3; count > 0 ; count--){
0x0095	0x03A8      	DECF       _count, 1
;Traffic_Light_Controller.c,55 :: 		}
0x0096	0x2870      	GOTO       L_interrupt20
L_interrupt21:
;Traffic_Light_Controller.c,56 :: 		RED_W=1;
0x0097	0x1408      	BSF        PORTD, 0
;Traffic_Light_Controller.c,57 :: 		YELLOW_W=0;
0x0098	0x1088      	BCF        PORTD, 1
;Traffic_Light_Controller.c,58 :: 		}
L_interrupt19:
L_interrupt18:
;Traffic_Light_Controller.c,59 :: 		Display = 0X00 ;
0x0099	0x0187      	CLRF       PORTC
;Traffic_Light_Controller.c,60 :: 		Delay_ms(100);
0x009A	0x3002      	MOVLW      2
0x009B	0x00FB      	MOVWF      R11
0x009C	0x3004      	MOVLW      4
0x009D	0x00FC      	MOVWF      R12
0x009E	0x30BA      	MOVLW      186
0x009F	0x00FD      	MOVWF      R13
L_interrupt24:
0x00A0	0x0BFD      	DECFSZ     R13, 1
0x00A1	0x28A0      	GOTO       L_interrupt24
0x00A2	0x0BFC      	DECFSZ     R12, 1
0x00A3	0x28A0      	GOTO       L_interrupt24
0x00A4	0x0BFB      	DECFSZ     R11, 1
0x00A5	0x28A0      	GOTO       L_interrupt24
0x00A6	0x0000      	NOP
;Traffic_Light_Controller.c,61 :: 		while(switching_button){
L_interrupt25:
0x00A7	0x1886      	BTFSC      PORTB, 1
0x00A8	0x28AB      	GOTO       L__interrupt37
0x00A9	0x1403      	BSF        STATUS, 0
0x00AA	0x28AC      	GOTO       L__interrupt38
L__interrupt37:
0x00AB	0x1003      	BCF        STATUS, 0
L__interrupt38:
0x00AC	0x1C03      	BTFSS      STATUS, 0
0x00AD	0x28B3      	GOTO       L_interrupt26
;Traffic_Light_Controller.c,62 :: 		if(manual_button){
0x00AE	0x1C06      	BTFSS      PORTB, 0
0x00AF	0x28B2      	GOTO       L_interrupt27
;Traffic_Light_Controller.c,63 :: 		INTF_bit = 0;
0x00B0	0x108B      	BCF        INTF_bit, BitPos(INTF_bit+0)
;Traffic_Light_Controller.c,64 :: 		break;
0x00B1	0x28B3      	GOTO       L_interrupt26
;Traffic_Light_Controller.c,65 :: 		}
L_interrupt27:
;Traffic_Light_Controller.c,66 :: 		}
0x00B2	0x28A7      	GOTO       L_interrupt25
L_interrupt26:
;Traffic_Light_Controller.c,67 :: 		}
L_interrupt12:
;Traffic_Light_Controller.c,68 :: 		if(manual_button)INTF_bit = 0;
0x00B3	0x1C06      	BTFSS      PORTB, 0
0x00B4	0x28B6      	GOTO       L_interrupt28
0x00B5	0x108B      	BCF        INTF_bit, BitPos(INTF_bit+0)
L_interrupt28:
;Traffic_Light_Controller.c,69 :: 		}
L_interrupt10:
;Traffic_Light_Controller.c,70 :: 		}
L_end_interrupt:
L__interrupt34:
0x00B6	0x0827      	MOVF       39, 0
0x00B7	0x00F0      	MOVWF      R0
0x00B8	0x0826      	MOVF       38, 0
0x00B9	0x00F1      	MOVWF      R1
0x00BA	0x0825      	MOVF       37, 0
0x00BB	0x00F2      	MOVWF      R2
0x00BC	0x0824      	MOVF       36, 0
0x00BD	0x00F4      	MOVWF      R4
0x00BE	0x0823      	MOVF       35, 0
0x00BF	0x00F8      	MOVWF      R8
0x00C0	0x0822      	MOVF       34, 0
0x00C1	0x00FB      	MOVWF      R11
0x00C2	0x0821      	MOVF       33, 0
0x00C3	0x00FC      	MOVWF      R12
0x00C4	0x0820      	MOVF       32, 0
0x00C5	0x00FD      	MOVWF      R13
0x00C6	0x082D      	MOVF       ___savePCLATH, 0
0x00C7	0x008A      	MOVWF      PCLATH
0x00C8	0x0E2C      	SWAPF      ___saveSTATUS, 0
0x00C9	0x0083      	MOVWF      STATUS
0x00CA	0x0EFF      	SWAPF      R15, 1
0x00CB	0x0E7F      	SWAPF      R15, 0
0x00CC	0x0009      	RETFIE
; end of _interrupt
_Div_8X8_U:
;__Lib_Math.c,189 :: 		
;__Lib_Math.c,196 :: 		
0x00CD	0x1283      	BCF        STATUS, 5
;__Lib_Math.c,197 :: 		
0x00CE	0x1303      	BCF        STATUS, 6
;__Lib_Math.c,198 :: 		
0x00CF	0x01F8      	CLRF       R8
;__Lib_Math.c,199 :: 		
0x00D0	0x3008      	MOVLW      8
;__Lib_Math.c,200 :: 		
0x00D1	0x00FC      	MOVWF      R12
;__Lib_Math.c,201 :: 		
0x00D2	0x0D70      	RLF        R0, 0
;__Lib_Math.c,202 :: 		
0x00D3	0x0DF8      	RLF        R8, 1
;__Lib_Math.c,203 :: 		
0x00D4	0x0874      	MOVF       R4, 0
;__Lib_Math.c,204 :: 		
0x00D5	0x02F8      	SUBWF      R8, 1
;__Lib_Math.c,205 :: 		
0x00D6	0x1803      	BTFSC      STATUS, 0
;__Lib_Math.c,206 :: 		
0x00D7	0x28DA      	GOTO       $+3
;__Lib_Math.c,207 :: 		
0x00D8	0x07F8      	ADDWF      R8, 1
;__Lib_Math.c,208 :: 		
0x00D9	0x1003      	BCF        STATUS, 0
;__Lib_Math.c,209 :: 		
0x00DA	0x0DF0      	RLF        R0, 1
;__Lib_Math.c,210 :: 		
0x00DB	0x0BFC      	DECFSZ     R12, 1
;__Lib_Math.c,211 :: 		
0x00DC	0x28D2      	GOTO       $-10
;__Lib_Math.c,213 :: 		
L_end_Div_8X8_U:
0x00DD	0x0008      	RETURN
; end of _Div_8X8_U
_____DoICP:
;__Lib_System.c,6 :: 		
;__Lib_System.c,9 :: 		
0x00DE	0x1283      	BCF        STATUS, 5
0x00DF	0x1303      	BCF        STATUS, 6
0x00E0	0x082A      	MOVF       ___DoICPAddr+1, 0
0x00E1	0x008A      	MOVWF      PCLATH
;__Lib_System.c,10 :: 		
0x00E2	0x0829      	MOVF       ___DoICPAddr, 0
0x00E3	0x0082      	MOVWF      PCL
;__Lib_System.c,12 :: 		
L_end_____DoICP:
0x00E4	0x0008      	RETURN
; end of _____DoICP
_CountDown:
;Traffic_Light_Controller.c,17 :: 		void CountDown(char num){
;Traffic_Light_Controller.c,18 :: 		for (i = num; i > 3 ; i--){
0x00E5	0x1283      	BCF        STATUS, 5
0x00E6	0x1303      	BCF        STATUS, 6
0x00E7	0x082E      	MOVF       FARG_CountDown_num, 0
0x00E8	0x00AB      	MOVWF      _i
L_CountDown0:
0x00E9	0x082B      	MOVF       _i, 0
0x00EA	0x3C03      	SUBLW      3
0x00EB	0x1803      	BTFSC      STATUS, 0
0x00EC	0x2918      	GOTO       L_CountDown1
;Traffic_Light_Controller.c,20 :: 		Display = (i / 10) | ((i % 10)<<4) ;
0x00ED	0x300A      	MOVLW      10
0x00EE	0x00F4      	MOVWF      R4
0x00EF	0x082B      	MOVF       _i, 0
0x00F0	0x00F0      	MOVWF      R0
0x00F1	0x20CD      	CALL       _Div_8X8_U
0x00F2	0x0870      	MOVF       R0, 0
0x00F3	0x00AF      	MOVWF      FLOC__CountDown
0x00F4	0x300A      	MOVLW      10
0x00F5	0x00F4      	MOVWF      R4
0x00F6	0x082B      	MOVF       _i, 0
0x00F7	0x00F0      	MOVWF      R0
0x00F8	0x20CD      	CALL       _Div_8X8_U
0x00F9	0x0878      	MOVF       R8, 0
0x00FA	0x00F0      	MOVWF      R0
0x00FB	0x0870      	MOVF       R0, 0
0x00FC	0x00F1      	MOVWF      R1
0x00FD	0x0DF1      	RLF        R1, 1
0x00FE	0x1071      	BCF        R1, 0
0x00FF	0x0DF1      	RLF        R1, 1
0x0100	0x1071      	BCF        R1, 0
0x0101	0x0DF1      	RLF        R1, 1
0x0102	0x1071      	BCF        R1, 0
0x0103	0x0DF1      	RLF        R1, 1
0x0104	0x1071      	BCF        R1, 0
0x0105	0x0871      	MOVF       R1, 0
0x0106	0x042F      	IORWF      FLOC__CountDown, 0
0x0107	0x0087      	MOVWF      PORTC
;Traffic_Light_Controller.c,21 :: 		Delay_ms(1000);
0x0108	0x300B      	MOVLW      11
0x0109	0x00FB      	MOVWF      R11
0x010A	0x3026      	MOVLW      38
0x010B	0x00FC      	MOVWF      R12
0x010C	0x305D      	MOVLW      93
0x010D	0x00FD      	MOVWF      R13
L_CountDown3:
0x010E	0x0BFD      	DECFSZ     R13, 1
0x010F	0x290E      	GOTO       L_CountDown3
0x0110	0x0BFC      	DECFSZ     R12, 1
0x0111	0x290E      	GOTO       L_CountDown3
0x0112	0x0BFB      	DECFSZ     R11, 1
0x0113	0x290E      	GOTO       L_CountDown3
0x0114	0x0000      	NOP
0x0115	0x0000      	NOP
;Traffic_Light_Controller.c,18 :: 		for (i = num; i > 3 ; i--){
0x0116	0x03AB      	DECF       _i, 1
;Traffic_Light_Controller.c,22 :: 		}
0x0117	0x28E9      	GOTO       L_CountDown0
L_CountDown1:
;Traffic_Light_Controller.c,23 :: 		if (num==3){
0x0118	0x082E      	MOVF       FARG_CountDown_num, 0
0x0119	0x3A03      	XORLW      3
0x011A	0x1D03      	BTFSS      STATUS, 2
0x011B	0x2954      	GOTO       L_CountDown4
;Traffic_Light_Controller.c,24 :: 		for (i = num; i > 0 ; i--){
0x011C	0x082E      	MOVF       FARG_CountDown_num, 0
0x011D	0x00AB      	MOVWF      _i
L_CountDown5:
0x011E	0x082B      	MOVF       _i, 0
0x011F	0x3C00      	SUBLW      0
0x0120	0x1803      	BTFSC      STATUS, 0
0x0121	0x2945      	GOTO       L_CountDown6
;Traffic_Light_Controller.c,25 :: 		Display = 0 | ((i % 10)<<4) ;
0x0122	0x300A      	MOVLW      10
0x0123	0x00F4      	MOVWF      R4
0x0124	0x082B      	MOVF       _i, 0
0x0125	0x00F0      	MOVWF      R0
0x0126	0x20CD      	CALL       _Div_8X8_U
0x0127	0x0878      	MOVF       R8, 0
0x0128	0x00F0      	MOVWF      R0
0x0129	0x0870      	MOVF       R0, 0
0x012A	0x00F1      	MOVWF      R1
0x012B	0x0DF1      	RLF        R1, 1
0x012C	0x1071      	BCF        R1, 0
0x012D	0x0DF1      	RLF        R1, 1
0x012E	0x1071      	BCF        R1, 0
0x012F	0x0DF1      	RLF        R1, 1
0x0130	0x1071      	BCF        R1, 0
0x0131	0x0DF1      	RLF        R1, 1
0x0132	0x1071      	BCF        R1, 0
0x0133	0x0871      	MOVF       R1, 0
0x0134	0x0087      	MOVWF      PORTC
;Traffic_Light_Controller.c,26 :: 		Delay_ms(1000);
0x0135	0x300B      	MOVLW      11
0x0136	0x00FB      	MOVWF      R11
0x0137	0x3026      	MOVLW      38
0x0138	0x00FC      	MOVWF      R12
0x0139	0x305D      	MOVLW      93
0x013A	0x00FD      	MOVWF      R13
L_CountDown8:
0x013B	0x0BFD      	DECFSZ     R13, 1
0x013C	0x293B      	GOTO       L_CountDown8
0x013D	0x0BFC      	DECFSZ     R12, 1
0x013E	0x293B      	GOTO       L_CountDown8
0x013F	0x0BFB      	DECFSZ     R11, 1
0x0140	0x293B      	GOTO       L_CountDown8
0x0141	0x0000      	NOP
0x0142	0x0000      	NOP
;Traffic_Light_Controller.c,24 :: 		for (i = num; i > 0 ; i--){
0x0143	0x03AB      	DECF       _i, 1
;Traffic_Light_Controller.c,27 :: 		}
0x0144	0x291E      	GOTO       L_CountDown5
L_CountDown6:
;Traffic_Light_Controller.c,28 :: 		Display = 0X00 ;
0x0145	0x0187      	CLRF       PORTC
;Traffic_Light_Controller.c,29 :: 		Delay_ms(1000);
0x0146	0x300B      	MOVLW      11
0x0147	0x00FB      	MOVWF      R11
0x0148	0x3026      	MOVLW      38
0x0149	0x00FC      	MOVWF      R12
0x014A	0x305D      	MOVLW      93
0x014B	0x00FD      	MOVWF      R13
L_CountDown9:
0x014C	0x0BFD      	DECFSZ     R13, 1
0x014D	0x294C      	GOTO       L_CountDown9
0x014E	0x0BFC      	DECFSZ     R12, 1
0x014F	0x294C      	GOTO       L_CountDown9
0x0150	0x0BFB      	DECFSZ     R11, 1
0x0151	0x294C      	GOTO       L_CountDown9
0x0152	0x0000      	NOP
0x0153	0x0000      	NOP
;Traffic_Light_Controller.c,30 :: 		}
L_CountDown4:
;Traffic_Light_Controller.c,31 :: 		}
L_end_CountDown:
0x0154	0x0008      	RETURN
; end of _CountDown
___CC2DW:
;__Lib_System.c,134 :: 		
;__Lib_System.c,137 :: 		
_CC2D_Loop1:
;__Lib_System.c,139 :: 		
0x0155	0x20DE      	CALL       _____DoICP
0x0156	0x118A      	BCF        PCLATH, 3
0x0157	0x120A      	BCF        PCLATH, 4
;__Lib_System.c,141 :: 		
0x0158	0x0080      	MOVWF      INDF
;__Lib_System.c,142 :: 		
0x0159	0x0A84      	INCF       FSR, 1
;__Lib_System.c,143 :: 		
0x015A	0x0AA9      	INCF       ___DoICPAddr, 1
;__Lib_System.c,145 :: 		
0x015B	0x1903      	BTFSC      STATUS, 2
;__Lib_System.c,146 :: 		
0x015C	0x0AAA      	INCF       ___DoICPAddr+1, 1
;__Lib_System.c,147 :: 		
0x015D	0x03F0      	DECF       R0, 1
;__Lib_System.c,149 :: 		
0x015E	0x1D03      	BTFSS      STATUS, 2
;__Lib_System.c,150 :: 		
0x015F	0x2955      	GOTO       _CC2D_Loop1
;__Lib_System.c,152 :: 		
L_end___CC2DW:
0x0160	0x0008      	RETURN
; end of ___CC2DW
_Automatic:
;Traffic_Light_Controller.c,72 :: 		void Automatic(){
;Traffic_Light_Controller.c,73 :: 		GREEN_S = 1; RED_W = 1;
0x0161	0x1283      	BCF        STATUS, 5
0x0162	0x1303      	BCF        STATUS, 6
0x0163	0x1688      	BSF        PORTD, 5
0x0164	0x1408      	BSF        PORTD, 0
;Traffic_Light_Controller.c,74 :: 		YELLOW_S = 0; RED_S = 0; GREEN_W = 0; YELLOW_W = 0;
0x0165	0x1208      	BCF        PORTD, 4
0x0166	0x1188      	BCF        PORTD, 3
0x0167	0x1108      	BCF        PORTD, 2
0x0168	0x1088      	BCF        PORTD, 1
;Traffic_Light_Controller.c,75 :: 		CountDown(15);
0x0169	0x300F      	MOVLW      15
0x016A	0x00AE      	MOVWF      FARG_CountDown_num
0x016B	0x20E5      	CALL       _CountDown
;Traffic_Light_Controller.c,76 :: 		YELLOW_S = 1;RED_W = 1;YELLOW_W = 0;
0x016C	0x1608      	BSF        PORTD, 4
0x016D	0x1408      	BSF        PORTD, 0
0x016E	0x1088      	BCF        PORTD, 1
;Traffic_Light_Controller.c,77 :: 		GREEN_S=0; RED_S =0; GREEN_W = 0;
0x016F	0x1288      	BCF        PORTD, 5
0x0170	0x1188      	BCF        PORTD, 3
0x0171	0x1108      	BCF        PORTD, 2
;Traffic_Light_Controller.c,78 :: 		CountDown(3);
0x0172	0x3003      	MOVLW      3
0x0173	0x00AE      	MOVWF      FARG_CountDown_num
0x0174	0x20E5      	CALL       _CountDown
;Traffic_Light_Controller.c,79 :: 		RED_S = 1; GREEN_W = 1; YELLOW_W =0 ;
0x0175	0x1588      	BSF        PORTD, 3
0x0176	0x1508      	BSF        PORTD, 2
0x0177	0x1088      	BCF        PORTD, 1
;Traffic_Light_Controller.c,80 :: 		RED_W = 0; YELLOW_S = 0;GREEN_S=0;
0x0178	0x1008      	BCF        PORTD, 0
0x0179	0x1208      	BCF        PORTD, 4
0x017A	0x1288      	BCF        PORTD, 5
;Traffic_Light_Controller.c,81 :: 		CountDown(23);
0x017B	0x3017      	MOVLW      23
0x017C	0x00AE      	MOVWF      FARG_CountDown_num
0x017D	0x20E5      	CALL       _CountDown
;Traffic_Light_Controller.c,82 :: 		YELLOW_W = 1; YELLOW_S = 0;GREEN_S=0;
0x017E	0x1488      	BSF        PORTD, 1
0x017F	0x1208      	BCF        PORTD, 4
0x0180	0x1288      	BCF        PORTD, 5
;Traffic_Light_Controller.c,83 :: 		GREEN_W = 0;RED_W = 0; RED_S =1;
0x0181	0x1108      	BCF        PORTD, 2
0x0182	0x1008      	BCF        PORTD, 0
0x0183	0x1588      	BSF        PORTD, 3
;Traffic_Light_Controller.c,84 :: 		CountDown(3);
0x0184	0x3003      	MOVLW      3
0x0185	0x00AE      	MOVWF      FARG_CountDown_num
0x0186	0x20E5      	CALL       _CountDown
;Traffic_Light_Controller.c,85 :: 		}
L_end_Automatic:
0x0187	0x0008      	RETURN
; end of _Automatic
_main:
;Traffic_Light_Controller.c,86 :: 		void main() {
;Traffic_Light_Controller.c,88 :: 		TRISB.B1 = 1 ;
0x0188	0x1683      	BSF        STATUS, 5
0x0189	0x1303      	BCF        STATUS, 6
0x018A	0x1486      	BSF        TRISB, 1
;Traffic_Light_Controller.c,89 :: 		TRISB.B0= 1 ;
0x018B	0x1406      	BSF        TRISB, 0
;Traffic_Light_Controller.c,90 :: 		INTE_bit =1;
0x018C	0x160B      	BSF        INTE_bit, BitPos(INTE_bit+0)
;Traffic_Light_Controller.c,91 :: 		GIE_bit =1;
0x018D	0x178B      	BSF        GIE_bit, BitPos(GIE_bit+0)
;Traffic_Light_Controller.c,92 :: 		INTEDG_bit = 0;
0x018E	0x1301      	BCF        INTEDG_bit, BitPos(INTEDG_bit+0)
;Traffic_Light_Controller.c,93 :: 		NOT_RBPU_bit =0;
0x018F	0x1381      	BCF        NOT_RBPU_bit, BitPos(NOT_RBPU_bit+0)
;Traffic_Light_Controller.c,96 :: 		TRISB.B4 = 0;
0x0190	0x1206      	BCF        TRISB, 4
;Traffic_Light_Controller.c,97 :: 		TRISB.B5 = 0;
0x0191	0x1286      	BCF        TRISB, 5
;Traffic_Light_Controller.c,98 :: 		TRISB.B6 = 0;
0x0192	0x1306      	BCF        TRISB, 6
;Traffic_Light_Controller.c,99 :: 		TRISB.B7 = 0;
0x0193	0x1386      	BCF        TRISB, 7
;Traffic_Light_Controller.c,100 :: 		SW1 = 1;
0x0194	0x1283      	BCF        STATUS, 5
0x0195	0x1606      	BSF        PORTB, 4
;Traffic_Light_Controller.c,101 :: 		SW2 = 1;
0x0196	0x1686      	BSF        PORTB, 5
;Traffic_Light_Controller.c,102 :: 		SW3 = 1;
0x0197	0x1706      	BSF        PORTB, 6
;Traffic_Light_Controller.c,103 :: 		SW4 = 1;
0x0198	0x1786      	BSF        PORTB, 7
;Traffic_Light_Controller.c,106 :: 		TRISC = 0x00;
0x0199	0x1683      	BSF        STATUS, 5
0x019A	0x0187      	CLRF       TRISC
;Traffic_Light_Controller.c,107 :: 		Display = 0X00;
0x019B	0x1283      	BCF        STATUS, 5
0x019C	0x0187      	CLRF       PORTC
;Traffic_Light_Controller.c,110 :: 		TRISD = 0x00;
0x019D	0x1683      	BSF        STATUS, 5
0x019E	0x0188      	CLRF       TRISD
;Traffic_Light_Controller.c,111 :: 		Leds = 0x00;
0x019F	0x1283      	BCF        STATUS, 5
0x01A0	0x0188      	CLRF       PORTD
;Traffic_Light_Controller.c,113 :: 		Delay_ms(1000);
0x01A1	0x300B      	MOVLW      11
0x01A2	0x00FB      	MOVWF      R11
0x01A3	0x3026      	MOVLW      38
0x01A4	0x00FC      	MOVWF      R12
0x01A5	0x305D      	MOVLW      93
0x01A6	0x00FD      	MOVWF      R13
L_main29:
0x01A7	0x0BFD      	DECFSZ     R13, 1
0x01A8	0x29A7      	GOTO       L_main29
0x01A9	0x0BFC      	DECFSZ     R12, 1
0x01AA	0x29A7      	GOTO       L_main29
0x01AB	0x0BFB      	DECFSZ     R11, 1
0x01AC	0x29A7      	GOTO       L_main29
0x01AD	0x0000      	NOP
0x01AE	0x0000      	NOP
;Traffic_Light_Controller.c,115 :: 		while(1){
L_main30:
;Traffic_Light_Controller.c,116 :: 		Automatic();
0x01AF	0x2161      	CALL       _Automatic
;Traffic_Light_Controller.c,117 :: 		}
0x01B0	0x29AF      	GOTO       L_main30
;Traffic_Light_Controller.c,118 :: 		}
L_end_main:
0x01B1	0x29B1      	GOTO       $+0
; end of _main
Symbol List:
//** Routines locations **
//ADDRESS    SIZE    PROCEDURE
//----------------------------------------------
0x0004     [201]    _interrupt
0x00CD      [17]    _Div_8X8_U
0x00DE       [7]    _____DoICP
0x00E5     [112]    _CountDown
0x0155      [12]    ___CC2DW
0x0161      [39]    _Automatic
0x0188      [42]    _main
//** Variables locations ** 
//ADDRESS    SIZE    VARIABLE
//----------------------------------------------
0x0000       [1]    INDF
0x0002       [1]    PCL
0x0003       [1]    STATUS
0x0004       [1]    FSR
0x0006       [1]    PORTB
0x0007       [1]    PORTC
0x0008       [1]    PORTD
0x000A       [1]    PCLATH
0x000B       [0]    INTE_bit
0x000B       [0]    GIE_bit
0x000B       [0]    INTF_bit
0x0028       [1]    _count
0x0029       [2]    ___DoICPAddr
0x002B       [1]    _i
0x002C       [1]    ___saveSTATUS
0x002D       [1]    ___savePCLATH
0x002E       [1]    FARG_CountDown_num
0x002F       [1]    FLOC__CountDown
0x0070       [1]    R0
0x0071       [1]    R1
0x0072       [1]    R2
0x0073       [1]    R3
0x0074       [1]    R4
0x0075       [1]    R5
0x0076       [1]    R6
0x0077       [1]    R7
0x0078       [1]    R8
0x0079       [1]    R9
0x007A       [1]    R10
0x007B       [1]    R11
0x007C       [1]    R12
0x007D       [1]    R13
0x007E       [1]    R14
0x007F       [1]    R15
0x0081       [0]    NOT_RBPU_bit
0x0081       [0]    INTEDG_bit
0x0086       [1]    TRISB
0x0087       [1]    TRISC
0x0088       [1]    TRISD
//** Label List: ** 
//----------------------------------------------
  L_CountDown0
  L_CountDown1
  L_CountDown2
  L_CountDown3
  L_CountDown4
  L_CountDown5
  L_CountDown6
  L_CountDown7
  L_CountDown8
  L_CountDown9
  L_interrupt10
  L_interrupt11
  L_interrupt12
  L_interrupt13
  L_interrupt14
  L_interrupt15
  L_interrupt16
  L_interrupt17
  L_interrupt18
  L_interrupt19
  L_interrupt20
  L_interrupt21
  L_interrupt22
  L_interrupt23
  L_interrupt24
  L_interrupt25
  L_interrupt26
  L_interrupt27
  L_interrupt28
  L_main29
  L_main30
  L_main31
  L_end_CountDown
  _CountDown
  L_end_interrupt
  _interrupt
  L__interrupt34
  L__interrupt35
  L__interrupt36
  L__interrupt37
  L__interrupt38
  L_end_Automatic
  _Automatic
  L_end_main
  _main
  L_Div_16x16_S0
  L_Div_16x16_S1
  LOOPS3232A
  SADD22LA
  SOK22LA
  SADD22L8
  SOK22L8
  LOOPS3232B
  SADD22LB
  SOK22LB
  SADD22L16
  SOK22L16
  LOOPS3232C
  SADD22LC
  SOK22LC
  SADD22L24
  SOK22L24
  LOOPS3232D
  SADD22LD
  SOK22LD
  SOK22L
  L_Div_32x32_S6
  L_Div_32x32_S7
  L_Div_32x32_S8
  L_Div_32x32_S9
  FXD3232S
  END_ALL
  CA3232S
  C3232SX
  C3232SX1
  C3232S
  C3232S2
  C3232SX4
  C3232SOK
  C3232SX3
  C3232SX2
  avoid_comfrem
  LOOPU3232A
  UADD22LA
  UOK22LA
  UADD22L8
  UOK22L8
  LOOPU3232B
  UADD22LB
  UOK22LB
  UADD22L16
  UOK22L16
  LOOPU3232C
  UADD22LC
  UOK22LC
  UADD22L24
  UOK22L24
  LOOPU3232D
  UADD22LD
  UOK22LD
  UOK22L
  _NEXT
  _EXIT2
  _LOOP
  _EXIT1
  _IF_FIRST
  _IF_SECOND
  _INVERCE_FIRST
  _MULT
  _INBERSE_SECOND
  _EXIT
  L_end_Mul_8X8_U
  _Mul_8X8_U
  L_end_Mul_16X16_U
  _Mul_16X16_U
  L_end_Div_8X8_U
  _Div_8X8_U
  L_end_Div_16X16_U
  _Div_16X16_U
  L_end_Mul_8X8_S
  _Mul_8X8_S
  L_end_Mul_16X16_S
  _Mul_16X16_S
  L_end_Div_16x16_S_L
  _Div_16x16_S_L
  L_end_Div_16x16_S
  _Div_16x16_S
  L_end_Div_8X8_S
  _Div_8X8_S
  L_end_SDIV3232L
  _SDIV3232L
  L_end_COMFREM
  _COMFREM
  L_end_Div_32x32_S
  _Div_32x32_S
  L_end_Div_32x32_U
  _Div_32x32_U
  L_end_Mul_32x32_U
  _Mul_32x32_U
  L_end_Mul_32x32_S
  _Mul_32x32_S
  L_loopCA2AWs
  L_CA2AWend
  _CCA2AW_Loop1
  L_loopCS2Ss
  L_CS2Send
  _CCS2S_Loop1
  L_CCS2Send
  L_loopFZinSWs
  L_FZinSend
  _CC2D_Loop1
  L_end_____DoICP
  _____DoICP
  L_end_____DoIFC
  _____DoIFC
  L_end___CA2AW
  ___CA2AW
  L_end___CCA2AW
  ___CCA2AW
  L_end___CS2S
  ___CS2S
  L_end___CCS2S
  ___CCS2S
  L_end___FZinS
  ___FZinS
  L_end___CC2DW
  ___CC2DW
  L_end_Swap
  _Swap
  L_CountDown0
  L_CountDown1
  L_CountDown2
  L_CountDown3
  L_CountDown4
  L_CountDown5
  L_CountDown6
  L_CountDown7
  L_CountDown8
  L_CountDown9
  L_interrupt10
  L_interrupt11
  L_interrupt12
  L_interrupt13
  L_interrupt14
  L_interrupt15
  L_interrupt16
  L_interrupt17
  L_interrupt18
  L_interrupt19
  L_interrupt20
  L_interrupt21
  L_interrupt22
  L_interrupt23
  L_interrupt24
  L_interrupt25
  L_interrupt26
  L_interrupt27
  L_interrupt28
  L_main29
  L_main30
  L_main31
  L_end_CountDown
  _CountDown
  L_end_interrupt
  _interrupt
  L__interrupt34
  L__interrupt35
  L__interrupt36
  L__interrupt37
  L__interrupt38
  L_end_Automatic
  _Automatic
  L_end_main
  _main
